<?xml version="1.0" encoding="UTF-8"?>
<!-- Generated by org.testng.reporters.JUnitReportReporter -->
<testsuite hostname="SEZ-WS-47" failures="0" tests="1" name="testCases.AddUserTest" time="34.989" errors="0" timestamp="2023-04-20T18:04:29 IST" skipped="0">
  <testcase classname="testCases.AddUserTest" name="addecomUser" time="34.989"/>
  <system-out/>
</testsuite> <!-- testCases.AddUserTest -->
