<?xml version="1.0" encoding="UTF-8"?>
<!-- Generated by org.testng.reporters.JUnitReportReporter -->
<testsuite hostname="SEZ-WS-47" failures="0" tests="1" name="testCases.NotificationTest" time="11.958" errors="0" timestamp="2023-05-16T14:59:29 IST" skipped="0">
  <testcase classname="testCases.NotificationTest" name="ShowNotifications" time="11.958"/>
  <system-out/>
</testsuite> <!-- testCases.NotificationTest -->
