<?xml version="1.0" encoding="UTF-8"?>
<!-- Generated by org.testng.reporters.JUnitReportReporter -->
<testsuite hostname="SEZ-WS-47" failures="0" tests="1" name="testCases.AddProducts" time="11.652" errors="0" timestamp="2023-04-18T14:41:05 IST" skipped="0">
  <testcase classname="testCases.AddProducts" name="addprod" time="11.652"/>
  <system-out/>
</testsuite> <!-- testCases.AddProducts -->
