<?xml version="1.0" encoding="UTF-8"?>
<!-- Generated by org.testng.reporters.JUnitReportReporter -->
<testsuite hostname="SEZ-WS-47" failures="0" tests="4" name="testCases.loginTest" time="2.684" errors="0" timestamp="2023-03-22T11:10:48 IST" skipped="0">
  <testcase classname="testCases.loginTest" name="login" time="0.282"/>
  <system-out/>
  <testcase classname="testCases.loginTest" name="editProfile" time="0.012"/>
  <system-out/>
  <testcase classname="testCases.loginTest" name="logoutuser" time="0.006"/>
  <system-out/>
  <testcase classname="testCases.loginTest" name="userReg" time="2.384"/>
  <system-out/>
</testsuite> <!-- testCases.loginTest -->
