<?xml version="1.0" encoding="UTF-8"?>
<!-- Generated by org.testng.reporters.JUnitReportReporter -->
<testsuite hostname="SEZ-WS-47" failures="0" tests="1" name="testCases.Login" time="7.492" errors="0" timestamp="2023-02-14T17:25:57 IST" skipped="0">
  <testcase classname="testCases.Login" name="loginoperation" time="7.492"/>
</testsuite> <!-- testCases.Login -->
