<?xml version="1.0" encoding="UTF-8"?>
<!-- Generated by org.testng.reporters.JUnitReportReporter -->
<testsuite hostname="SEZ-WS-47" failures="0" tests="1" name="testCases.AddUserTest" time="28.047" errors="0" timestamp="2023-04-13T09:58:08 IST" skipped="0">
  <testcase classname="testCases.AddUserTest" name="addecomUser" time="28.047"/>
  <system-out/>
</testsuite> <!-- testCases.AddUserTest -->
