<?xml version="1.0" encoding="UTF-8"?>
<!-- Generated by org.testng.reporters.JUnitReportReporter -->
<testsuite hostname="SEZ-WS-47" failures="0" tests="4" name="testCases.ReportsTest" time="39.793" errors="0" timestamp="2023-05-09T12:14:27 IST" skipped="0">
  <testcase classname="testCases.ReportsTest" name="login" time="4.084"/>
  <system-out/>
  <testcase classname="testCases.ReportsTest" name="marketPlaceSalesReports" time="15.056"/>
  <system-out/>
  <testcase classname="testCases.ReportsTest" name="categorySales" time="12.365"/>
  <system-out/>
  <testcase classname="testCases.ReportsTest" name="topSellingProducts" time="8.288"/>
  <system-out/>
</testsuite> <!-- testCases.ReportsTest -->
