<?xml version="1.0" encoding="UTF-8"?>
<!-- Generated by org.testng.reporters.JUnitReportReporter -->
<testsuite hostname="SEZ-WS-47" failures="0" tests="4" name="testCases.ReportsTest" time="24.030" errors="0" timestamp="2023-05-22T15:59:14 IST" skipped="0">
  <testcase classname="testCases.ReportsTest" name="login" time="3.224"/>
  <system-out/>
  <testcase classname="testCases.ReportsTest" name="marketPlaceSalesReports" time="0.005"/>
  <system-out/>
  <testcase classname="testCases.ReportsTest" name="categorySales" time="0.013"/>
  <system-out/>
  <testcase classname="testCases.ReportsTest" name="topSellingProducts" time="20.788"/>
  <system-out/>
</testsuite> <!-- testCases.ReportsTest -->
