<?xml version="1.0" encoding="UTF-8"?>
<!-- Generated by org.testng.reporters.JUnitReportReporter -->
<testsuite hostname="SEZ-WS-47" failures="0" tests="1" name="testCases.UserReg" time="95.434" errors="0" timestamp="2023-04-13T09:53:57 IST" skipped="0">
  <testcase classname="testCases.UserReg" name="userReg" time="95.434"/>
  <system-out/>
</testsuite> <!-- testCases.UserReg -->
