<?xml version="1.0" encoding="UTF-8"?>
<!-- Generated by org.testng.reporters.JUnitReportReporter -->
<testsuite hostname="SEZ-WS-47" failures="0" tests="6" name="testCases.loginTest" time="12.140" errors="0" timestamp="2023-05-16T12:38:58 IST" skipped="0">
  <testcase classname="testCases.loginTest" name="login" time="3.239"/>
  <system-out/>
  <testcase classname="testCases.loginTest" name="logoutuser" time="1.079"/>
  <system-out/>
  <testcase classname="testCases.loginTest" name="loginNeg1" time="4.350"/>
  <system-out/>
  <testcase classname="testCases.loginTest" name="loginNeg2" time="0.848"/>
  <system-out/>
  <testcase classname="testCases.loginTest" name="loginNeg3" time="1.660"/>
  <system-out/>
  <testcase classname="testCases.loginTest" name="loginNeg4" time="0.964"/>
  <system-out/>
</testsuite> <!-- testCases.loginTest -->
