<?xml version="1.0" encoding="UTF-8"?>
<!-- Generated by org.testng.reporters.JUnitReportReporter -->
<testsuite hostname="SEZ-WS-47" failures="0" tests="1" name="testCases.UserReg" time="100.060" errors="0" timestamp="2023-04-14T12:00:03 IST" skipped="0">
  <testcase classname="testCases.UserReg" name="userReg" time="100.060"/>
  <system-out/>
</testsuite> <!-- testCases.UserReg -->
