<?xml version="1.0" encoding="UTF-8"?>
<!-- Generated by org.testng.reporters.JUnitReportReporter -->
<testsuite hostname="SEZ-WS-47" failures="0" tests="4" name="testCases.loginTest" time="70.389" errors="0" timestamp="2023-03-17T13:01:48 IST" skipped="0">
  <testcase classname="testCases.loginTest" name="login" time="0.366"/>
  <system-out/>
  <testcase classname="testCases.loginTest" name="editProfile" time="0.021"/>
  <system-out/>
  <testcase classname="testCases.loginTest" name="logoutuser" time="0.007"/>
  <system-out/>
  <testcase classname="testCases.loginTest" name="userReg" time="69.995"/>
  <system-out/>
</testsuite> <!-- testCases.loginTest -->
