<?xml version="1.0" encoding="UTF-8"?>
<!-- Generated by org.testng.reporters.JUnitReportReporter -->
<testsuite hostname="SEZ-WS-47" failures="0" tests="4" name="testCases.ReportsTest" time="23.596" errors="0" timestamp="2023-05-16T11:56:21 IST" skipped="0">
  <testcase classname="testCases.ReportsTest" name="login" time="2.846"/>
  <system-out/>
  <testcase classname="testCases.ReportsTest" name="marketPlaceSalesReports" time="20.738"/>
  <system-out/>
  <testcase classname="testCases.ReportsTest" name="categorySales" time="0.008"/>
  <system-out/>
  <testcase classname="testCases.ReportsTest" name="topSellingProducts" time="0.004"/>
  <system-out/>
</testsuite> <!-- testCases.ReportsTest -->
