<?xml version="1.0" encoding="UTF-8"?>
<!-- Generated by org.testng.reporters.JUnitReportReporter -->
<testsuite hostname="SEZ-WS-47" failures="0" tests="1" name="testCases.loginTest" time="3.305" errors="0" timestamp="2023-03-01T16:32:01 IST" skipped="0">
  <testcase classname="testCases.loginTest" name="login" time="3.305"/>
  <system-out/>
</testsuite> <!-- testCases.loginTest -->
