<?xml version="1.0" encoding="UTF-8"?>
<!-- Generated by org.testng.reporters.JUnitReportReporter -->
<testsuite hostname="SEZ-WS-47" failures="0" tests="1" name="testCases.OrdersTest" time="89.058" errors="0" timestamp="2023-05-17T14:39:37 IST" skipped="0">
  <testcase classname="testCases.OrdersTest" name="ordersFilter" time="89.058"/>
  <system-out/>
</testsuite> <!-- testCases.OrdersTest -->
