<?xml version="1.0" encoding="UTF-8"?>
<!-- Generated by org.testng.reporters.JUnitReportReporter -->
<testsuite hostname="SEZ-WS-47" failures="0" tests="1" name="testCases.AddProducts" time="74.952" errors="0" timestamp="2023-02-17T17:22:53 IST" skipped="0">
  <testcase classname="testCases.AddProducts" name="addproductoperation" time="74.952"/>
</testsuite> <!-- testCases.AddProducts -->
