<?xml version="1.0" encoding="UTF-8"?>
<!-- Generated by org.testng.reporters.JUnitReportReporter -->
<testsuite hostname="SEZ-WS-47" failures="0" tests="1" name="testCases.AddUserTest" time="35.593" errors="0" timestamp="2023-05-09T18:06:48 IST" skipped="0">
  <testcase classname="testCases.AddUserTest" name="addecomUser" time="35.593"/>
  <system-out/>
</testsuite> <!-- testCases.AddUserTest -->
