<?xml version="1.0" encoding="UTF-8"?>
<!-- Generated by org.testng.reporters.JUnitReportReporter -->
<testsuite hostname="SEZ-WS-47" failures="0" tests="1" name="testCases.ProfileEditTest" time="36.063" errors="0" timestamp="2023-05-09T17:17:48 IST" skipped="0">
  <testcase classname="testCases.ProfileEditTest" name="editProfile" time="36.063"/>
  <system-out/>
</testsuite> <!-- testCases.ProfileEditTest -->
