<?xml version="1.0" encoding="UTF-8"?>
<!-- Generated by org.testng.reporters.JUnitReportReporter -->
<testsuite hostname="SEZ-WS-47" failures="0" tests="1" name="testCases.ProductUploadTest" time="20.942" errors="0" timestamp="2023-04-28T17:06:00 IST" skipped="0">
  <testcase classname="testCases.ProductUploadTest" name="productUpload" time="20.942"/>
  <system-out/>
</testsuite> <!-- testCases.ProductUploadTest -->
