<?xml version="1.0" encoding="UTF-8"?>
<!-- Generated by org.testng.reporters.JUnitReportReporter -->
<testsuite hostname="SEZ-WS-47" failures="0" tests="1" name="testCases.ForgetPasswordTest" time="21.168" errors="0" timestamp="2023-06-05T11:01:42 IST" skipped="0">
  <testcase classname="testCases.ForgetPasswordTest" name="forgotpassword" time="21.168"/>
  <system-out/>
</testsuite> <!-- testCases.ForgetPasswordTest -->
