<?xml version="1.0" encoding="UTF-8"?>
<!-- Generated by org.testng.reporters.JUnitReportReporter -->
<testsuite hostname="SEZ-WS-47" failures="0" tests="1" name="testCases.AddProducts" time="305.983" errors="0" timestamp="2023-02-22T14:11:29 IST" skipped="0">
  <testcase classname="testCases.AddProducts" name="addproductoperation" time="305.983"/>
</testsuite> <!-- testCases.AddProducts -->
