<?xml version="1.0" encoding="UTF-8"?>
<!-- Generated by org.testng.reporters.JUnitReportReporter -->
<testsuite hostname="SEZ-WS-47" failures="0" tests="1" name="testCases.ProductSearchTest" time="18.134" errors="0" timestamp="2023-06-05T13:01:01 IST" skipped="0">
  <testcase classname="testCases.ProductSearchTest" name="productEdit" time="18.134"/>
  <system-out/>
</testsuite> <!-- testCases.ProductSearchTest -->
