<?xml version="1.0" encoding="UTF-8"?>
<!-- Generated by org.testng.reporters.JUnitReportReporter -->
<testsuite hostname="SEZ-WS-47" failures="0" tests="1" name="testCases.OrdersTest" time="50.414" errors="0" timestamp="2023-04-27T15:23:32 IST" skipped="0">
  <testcase classname="testCases.OrdersTest" name="ordersFilter" time="50.414"/>
  <system-out/>
</testsuite> <!-- testCases.OrdersTest -->
