<?xml version="1.0" encoding="UTF-8"?>
<!-- Generated by org.testng.reporters.JUnitReportReporter -->
<testsuite hostname="SEZ-WS-47" failures="0" tests="1" name="testCases.AddProducts" time="64.311" errors="0" timestamp="2023-02-16T11:38:16 IST" skipped="0">
  <testcase classname="testCases.AddProducts" name="addproductoperation" time="64.311"/>
</testsuite> <!-- testCases.AddProducts -->
