<?xml version="1.0" encoding="UTF-8"?>
<!-- Generated by org.testng.reporters.JUnitReportReporter -->
<testsuite hostname="SEZ-WS-47" failures="0" tests="1" name="testCases.loginTest" time="2.966" errors="0" timestamp="2023-03-02T09:23:31 IST" skipped="0">
  <testcase classname="testCases.loginTest" name="login" time="2.966"/>
  <system-out/>
</testsuite> <!-- testCases.loginTest -->
