<?xml version="1.0" encoding="UTF-8"?>
<!-- Generated by org.testng.reporters.JUnitReportReporter -->
<testsuite hostname="SEZ-WS-47" failures="0" tests="1" name="testCases.AccountSettingsTest" time="20.162" errors="0" timestamp="2023-05-26T11:03:50 IST" skipped="0">
  <testcase classname="testCases.AccountSettingsTest" name="accountSettings" time="20.162"/>
  <system-out/>
</testsuite> <!-- testCases.AccountSettingsTest -->
