<?xml version="1.0" encoding="UTF-8"?>
<!-- Generated by org.testng.reporters.JUnitReportReporter -->
<testsuite hostname="SEZ-WS-47" failures="0" tests="1" name="testCases.ProductEditTest" time="5.175" errors="0" timestamp="2023-05-04T10:07:32 IST" skipped="0">
  <testcase classname="testCases.ProductEditTest" name="productEdit" time="5.175"/>
  <system-out/>
</testsuite> <!-- testCases.ProductEditTest -->
